<?xml version="1.0" encoding="UTF-8"?>
<testng-results ignored="0" total="1" passed="1" failed="0" skipped="0">
  <reporter-output>
  </reporter-output>
  <suite started-at="2025-08-02T13:52:18 IST" name="Default suite" finished-at="2025-08-02T13:52:31 IST" duration-ms="13031">
    <groups>
    </groups>
    <test started-at="2025-08-02T13:52:18 IST" name="Default test" finished-at="2025-08-02T13:52:31 IST" duration-ms="13031">
      <class name="books.TC_DWS_001_Test">
        <test-method is-config="true" signature="reportCnfig()[pri:0, instance:books.TC_DWS_001_Test@3fc2959f]" started-at="2025-08-02T13:52:17 IST" name="reportCnfig" finished-at="2025-08-02T13:52:18 IST" duration-ms="1077" status="PASS">
          <reporter-output>
          </reporter-output>
        </test-method> <!-- reportCnfig -->
        <test-method is-config="true" signature="openBrowser()[pri:0, instance:books.TC_DWS_001_Test@3fc2959f]" started-at="2025-08-02T13:52:18 IST" name="openBrowser" finished-at="2025-08-02T13:52:25 IST" duration-ms="6782" status="PASS">
          <reporter-output>
          </reporter-output>
        </test-method> <!-- openBrowser -->
        <test-method is-config="true" signature="login()[pri:0, instance:books.TC_DWS_001_Test@3fc2959f]" started-at="2025-08-02T13:52:25 IST" name="login" finished-at="2025-08-02T13:52:28 IST" duration-ms="3139" status="PASS">
          <reporter-output>
          </reporter-output>
        </test-method> <!-- login -->
        <test-method signature="clickOnBooks()[pri:0, instance:books.TC_DWS_001_Test@3fc2959f]" started-at="2025-08-02T13:52:28 IST" name="clickOnBooks" finished-at="2025-08-02T13:52:30 IST" duration-ms="1425" status="PASS">
          <reporter-output>
          </reporter-output>
        </test-method> <!-- clickOnBooks -->
        <test-method is-config="true" signature="logout()[pri:0, instance:books.TC_DWS_001_Test@3fc2959f]" started-at="2025-08-02T13:52:30 IST" name="logout" finished-at="2025-08-02T13:52:31 IST" duration-ms="1179" status="PASS">
          <reporter-output>
          </reporter-output>
        </test-method> <!-- logout -->
        <test-method is-config="true" signature="closeBrowser()[pri:0, instance:books.TC_DWS_001_Test@3fc2959f]" started-at="2025-08-02T13:52:31 IST" name="closeBrowser" finished-at="2025-08-02T13:52:31 IST" duration-ms="367" status="PASS">
          <reporter-output>
          </reporter-output>
        </test-method> <!-- closeBrowser -->
        <test-method is-config="true" signature="reportBackup()[pri:0, instance:books.TC_DWS_001_Test@3fc2959f]" started-at="2025-08-02T13:52:31 IST" name="reportBackup" finished-at="2025-08-02T13:52:32 IST" duration-ms="1023" status="PASS">
          <reporter-output>
          </reporter-output>
        </test-method> <!-- reportBackup -->
      </class> <!-- books.TC_DWS_001_Test -->
    </test> <!-- Default test -->
  </suite> <!-- Default suite -->
</testng-results>
